<?xml version="1.0" encoding="UTF-8"?>
<!-- Generated by org.testng.reporters.JUnitReportReporter -->
<testsuite hostname="DESKTOP-87MMOQE" failures="0" tests="3" name="PackageOne.ClassThree" time="0.002" errors="0" timestamp="2022-09-05T16:43:54 CDT" skipped="0">
  <testcase classname="PackageOne.ClassThree" name="testEight" time="0.001"/>
  <system-out/>
  <testcase classname="PackageOne.ClassThree" name="testSeven" time="0.001"/>
  <system-out/>
  <testcase classname="PackageOne.ClassThree" name="testSix" time="0.000"/>
  <system-out/>
</testsuite> <!-- PackageOne.ClassThree -->
