<?xml version="1.0" encoding="UTF-8"?>
<!-- Generated by org.testng.reporters.JUnitReportReporter -->
<testsuite hostname="DESKTOP-87MMOQE" failures="0" tests="3" name="PackageOne.ClassOne" time="0.008" errors="0" timestamp="2022-09-16T17:30:14 CDT" skipped="1">
  <testcase classname="PackageOne.ClassOne" name="testTwo" time="0.007"/>
  <system-out/>
  <testcase classname="PackageOne.ClassOne" name="testThree" time="0.001"/>
  <system-out/>
  <testcase classname="PackageOne.ClassOne" name="testOne">
    <skipped/>
  </testcase> <!-- testOne -->
  <system-out/>
</testsuite> <!-- PackageOne.ClassOne -->
