<?xml version="1.0" encoding="UTF-8"?>
<!-- Generated by org.testng.reporters.JUnitReportReporter -->
<testsuite hostname="DESKTOP-87MMOQE" failures="0" tests="2" name="PackageTwo.ClassNine" time="0.011" errors="0" timestamp="2022-09-05T21:09:39 CDT" skipped="0">
  <testcase classname="PackageTwo.ClassNine" name="testTen" time="0.001"/>
  <system-out/>
  <testcase classname="PackageTwo.ClassNine" name="testNine" time="0.010"/>
  <system-out/>
</testsuite> <!-- PackageTwo.ClassNine -->
