<?xml version="1.0" encoding="UTF-8"?>
<!-- Generated by org.testng.reporters.JUnitReportReporter -->
<testsuite hostname="DESKTOP-87MMOQE" failures="0" tests="2" name="PackageOne.ClassTwo" time="0.001" errors="0" timestamp="2022-09-05T16:43:54 CDT" skipped="0">
  <testcase classname="PackageOne.ClassTwo" name="testFour" time="0.000"/>
  <system-out/>
  <testcase classname="PackageOne.ClassTwo" name="testFive" time="0.001"/>
  <system-out/>
</testsuite> <!-- PackageOne.ClassTwo -->
